<?xml version="1.0" encoding="UTF-8"?>
<robot generator="Robot 5.0 (Python 3.8.10 on linux)" generated="20220508 14:58:38.120" rpa="false" schemaversion="3">
<suite id="s1" name="Test" source="/home/pedro/Área de Trabalho/Atividade-Faculdade/Trabalho-qualidade-de-software/Test/test.robot">
<test id="s1-t1" line="27">
<status status="FAIL" starttime="20220508 14:58:38.253" endtime="20220508 14:58:38.254">Test name cannot be empty.</status>
</test>
<status status="FAIL" starttime="20220508 14:58:38.120" endtime="20220508 14:58:38.255"/>
</suite>
<statistics>
<total>
<stat pass="0" fail="1" skip="0">All Tests</stat>
</total>
<tag>
</tag>
<suite>
<stat pass="0" fail="1" skip="0" id="s1" name="Test">Test</stat>
</suite>
</statistics>
<errors>
</errors>
</robot>
